<?xml version="1.0" encoding="UTF-8"?>
<!-- Generated by org.testng.reporters.JUnitXMLReporter -->
<testsuite hostname="DESKTOP-HV1DCOO" ignored="0" name="Complete test run" tests="2" failures="0" timestamp="2021-05-19T13:23:13 IST" time="10.843" errors="0">
  <testcase name="runScenario" time="5.271" classname="io.cucumber.testng.AbstractTestNGCucumberTests"/>
  <testcase name="runScenario" time="2.323" classname="io.cucumber.testng.AbstractTestNGCucumberTests"/>
</testsuite> <!-- Complete test run -->
