<?xml version="1.0" encoding="UTF-8"?>
<!-- Generated by org.testng.reporters.JUnitXMLReporter -->
<testsuite hostname="DESKTOP-HV1DCOO" ignored="0" name="Complete test run" tests="2" failures="0" timestamp="2021-05-19T20:31:13 IST" time="28.943" errors="0">
  <testcase name="runScenario" time="16.1" classname="io.cucumber.testng.AbstractTestNGCucumberTests"/>
  <testcase name="runScenario" time="3.523" classname="io.cucumber.testng.AbstractTestNGCucumberTests"/>
</testsuite> <!-- Complete test run -->
